<?xml version="1.0" encoding="UTF-8"?>
<!-- Generated by org.testng.reporters.JUnitReportReporter -->
<testsuite skipped="0" hostname="HP-HP" name="firstlaunch.PracticeLocator" tests="1" failures="0" timestamp="18 May 2019 12:29:32 GMT" time="8.850" errors="0">
  <testcase name="Locators" time="8.850" classname="firstlaunch.PracticeLocator"/>
</testsuite> <!-- firstlaunch.PracticeLocator -->
