<?xml version="1.0" encoding="UTF-8"?>
<!-- Generated by org.testng.reporters.JUnitReportReporter -->
<testsuite skipped="0" hostname="HP-HP" name="firstlaunch.ActionClass" tests="1" failures="0" timestamp="18 May 2019 07:56:18 GMT" time="3.997" errors="0">
  <testcase name="test1" time="3.997" classname="firstlaunch.ActionClass"/>
</testsuite> <!-- firstlaunch.ActionClass -->
